  CharacterManager.cpp
  ClueManager.cpp
C:\Users\benri\source\repos\CW1\ClueManager.cpp(27,66): warning C4267: 'argument': conversion from 'size_t' to '_Ty', possible loss of data
          with
          [
              _Ty=int
          ]
C:\Users\benri\source\repos\CW1\ClueManager.cpp(87,45): warning C4101: 'ia': unreferenced local variable
C:\Users\benri\source\repos\CW1\ClueManager.cpp(141,77): warning C4267: 'argument': conversion from 'size_t' to '_Ty', possible loss of data
          with
          [
              _Ty=int
          ]
  EndingManager.cpp
  Game.cpp
C:\Users\benri\source\repos\CW1\ScreenManager.h(4,10): fatal  error C1083: Cannot open include file: 'SDL.h': No such file or directory
  main.cpp
C:\Users\benri\source\repos\CW1\ScreenManager.h(4,10): fatal  error C1083: Cannot open include file: 'SDL.h': No such file or directory
  Menu.cpp
C:\Users\benri\source\repos\CW1\Menu.h(2,10): fatal  error C1083: Cannot open include file: 'SDL.h': No such file or directory
  ScreenManager.cpp
C:\Users\benri\source\repos\CW1\ScreenManager.h(4,10): fatal  error C1083: Cannot open include file: 'SDL.h': No such file or directory
  TextureManager.cpp
C:\Users\benri\source\repos\CW1\TextureManager.h(4,10): fatal  error C1083: Cannot open include file: 'SDL.h': No such file or directory
  TimeManager.cpp
